[debug] [2020-11-09T23:47:35.355Z] ----------------------------------------------------------------------
[debug] [2020-11-09T23:47:35.358Z] Command:       /usr/local/bin/node /usr/local/bin/firebase init
[debug] [2020-11-09T23:47:35.358Z] CLI Version:   8.15.1
[debug] [2020-11-09T23:47:35.359Z] Platform:      darwin
[debug] [2020-11-09T23:47:35.359Z] Node Version:  v14.15.0
[debug] [2020-11-09T23:47:35.363Z] Time:          Mon Nov 09 2020 23:47:35 GMT+0000 (Greenwich Mean Time)
[debug] [2020-11-09T23:47:35.364Z] ----------------------------------------------------------------------
[debug] [2020-11-09T23:47:35.364Z] 
[debug] [2020-11-09T23:47:35.375Z] > command requires scopes: ["email","openid","https://www.googleapis.com/auth/cloudplatformprojects.readonly","https://www.googleapis.com/auth/firebase","https://www.googleapis.com/auth/cloud-platform"]
[debug] [2020-11-09T23:47:35.375Z] > authorizing via signed-in user
[info] 
     ######## #### ########  ######## ########     ###     ######  ########
     ##        ##  ##     ## ##       ##     ##  ##   ##  ##       ##
     ######    ##  ########  ######   ########  #########  ######  ######
     ##        ##  ##    ##  ##       ##     ## ##     ##       ## ##
     ##       #### ##     ## ######## ########  ##     ##  ######  ########

You're about to initialize a Firebase project in this directory:

  /Users/Kuda/development/mariana-portfolio/src/kuda-thomas/kuda-portfolio

[info] 
=== Project Setup
[info] 
[info] First, let's associate this project directory with a Firebase project.
[info] You can create multiple project aliases by running firebase use --add, 
[info] but for now we'll just set up a default project.
[info] 
